<?xml version="1.0" encoding="UTF-8"?>
<!-- Generated by org.testng.reporters.JUnitXMLReporter -->
<testsuite hostname="ATMECSINLT-002" ignored="0" name="Test2" tests="15" failures="0" timestamp="2019-09-17T14:01:25 IST" time="67.053" errors="0">
  <testcase name="bookingInforamtion" time="30.608" classname="com.yatra.testscript.HomePage"/>
  <testcase name="sortedByRating" time="10.43" classname="com.yatra.testscript.HomePage"/>
  <testcase name="hotelSelection" time="1.142" classname="com.yatra.testscript.HomePage"/>
  <testcase name="switchToHotelTab" time="0.063" classname="com.yatra.testscript.HomePage"/>
  <testcase name="selectRooms" time="7.815" classname="com.yatra.testscript.RoomBooking"/>
  <testcase name="userInformation" time="2.468" classname="com.yatra.testscript.RoomBooking"/>
  <testcase name="paymentPageInformation" time="3.714" classname="com.yatra.testscript.PaymentPage"/>
  <testcase name="validateName" time="0.006" classname="com.yatra.testscript.validateHotelDetails"/>
  <testcase name="validateCost" time="0.002" classname="com.yatra.testscript.validateHotelDetails"/>
  <testcase name="validatePlace" time="0.001" classname="com.yatra.testscript.validateHotelDetails"/>
  <testcase name="validateRating" time="0.002" classname="com.yatra.testscript.validateHotelDetails"/>
  <testcase name="validateSortByRatings" time="0.001" classname="com.yatra.testscript.ValidateUserDetails"/>
  <testcase name="validateCheckIn" time="0.002" classname="com.yatra.testscript.ValidateUserDetails"/>
  <testcase name="validateTotalRooms" time="0.001" classname="com.yatra.testscript.ValidateUserDetails"/>
  <testcase name="validateTotalMembers" time="0.0" classname="com.yatra.testscript.ValidateUserDetails"/>
</testsuite> <!-- Test2 -->
