<?xml version="1.0" encoding="UTF-8"?>
<!-- Generated by org.testng.reporters.JUnitXMLReporter -->
<testsuite hostname="ATMECSINLT-002" ignored="0" name="Test2" tests="16" failures="1" timestamp="2019-09-18T17:06:16 IST" time="76.389" errors="0">
  <testcase name="bookingInforamtion" time="24.663" classname="com.yatra.testscript.HomePage"/>
  <testcase name="sortedByRating" time="17.115" classname="com.yatra.testscript.HomePage"/>
  <testcase name="hotelSelection" time="5.979" classname="com.yatra.testscript.HomePage"/>
  <testcase name="switchToHotelTab" time="0.074" classname="com.yatra.testscript.HomePage"/>
  <testcase name="selectRooms" time="10.102" classname="com.yatra.testscript.RoomBooking"/>
  <testcase name="userInformation" time="3.787" classname="com.yatra.testscript.RoomBooking"/>
  <testcase name="paymentPageInformation" time="7.276" classname="com.yatra.testscript.PaymentPage"/>
  <testcase name="validateName" time="0.005" classname="com.yatra.testscript.validateHotelDetails"/>
  <testcase name="validateCostAtUPI" time="0.0" classname="com.yatra.testscript.validateHotelDetails"/>
  <testcase name="validateCostAtpaymentpage" time="0.001" classname="com.yatra.testscript.validateHotelDetails"/>
  <testcase name="validatePlace" time="0.001" classname="com.yatra.testscript.validateHotelDetails"/>
  <testcase name="validateRating" time="0.002" classname="com.yatra.testscript.validateHotelDetails"/>
  <testcase name="validateSortByRatings" time="0.001" classname="com.yatra.testscript.ValidateUserDetails">
    <failure type="java.lang.AssertionError" message="Sorted by star Rating not met actualHotelRatings is: [4.5, 4, 3.5, 4, 4, 4, 4, 4.5, 4, 4, 4, 3.5, 4, 5, 3.5, 4, 4.5, 4.5, 4, 4.5, 3.5, 2.5, 4.5, 4, 4, 4.5, 4, 3.5, 4.5, 3.5] expectedHotelRatings is: [5, 4.5, 4.5, 4.5, 4.5, 4.5, 4.5, 4.5, 4.5, 4, 4, 4, 4, 4, 4, 4, 4, 4, 4, 4, 4, 4, 4, 3.5, 3.5, 3.5, 3.5, 3.5, 3.5, 2.5]: Lists differ at element [0]: 5 != 4.5 expected [5] but found [4.5]">
      <![CDATA[java.lang.AssertionError: Sorted by star Rating not met actualHotelRatings is: [4.5, 4, 3.5, 4, 4, 4, 4, 4.5, 4, 4, 4, 3.5, 4, 5, 3.5, 4, 4.5, 4.5, 4, 4.5, 3.5, 2.5, 4.5, 4, 4, 4.5, 4, 3.5, 4.5, 3.5] expectedHotelRatings is: [5, 4.5, 4.5, 4.5, 4.5, 4.5, 4.5, 4.5, 4.5, 4, 4, 4, 4, 4, 4, 4, 4, 4, 4, 4, 4, 4, 4, 3.5, 3.5, 3.5, 3.5, 3.5, 3.5, 2.5]: Lists differ at element [0]: 5 != 4.5 expected [5] but found [4.5]
at com.yatra.utility.Validation.validateRating(Validation.java:112)
at com.yatra.base.ValidationScript.validateHotelRatings(ValidationScript.java:69)
at com.yatra.testscript.ValidateUserDetails.validateSortByRatings(ValidateUserDetails.java:16)
at java.util.ArrayList.forEach(Unknown Source)
... Removed 35 stack frames]]>
    </failure>
  </testcase> <!-- validateSortByRatings -->
  <testcase name="validateCheckIn" time="0.001" classname="com.yatra.testscript.ValidateUserDetails"/>
  <testcase name="validateTotalRooms" time="0.001" classname="com.yatra.testscript.ValidateUserDetails"/>
  <testcase name="validateTotalMembers" time="0.001" classname="com.yatra.testscript.ValidateUserDetails"/>
</testsuite> <!-- Test2 -->
