<?xml version="1.0" encoding="UTF-8"?>
<testng-results skipped="0" failed="0" ignored="0" total="12" passed="12">
  <reporter-output>
  </reporter-output>
  <suite name="Suite" duration-ms="57343" started-at="2019-09-13T17:54:46 IST" finished-at="2019-09-13T17:55:43 IST">
    <groups>
    </groups>
    <test name="Test" duration-ms="57343" started-at="2019-09-13T17:54:46 IST" finished-at="2019-09-13T17:55:43 IST">
      <class name="com.yatra.testscript.ValidateSorting">
        <test-method status="PASS" signature="setBrowser(java.lang.String)[pri:0, instance:com.yatra.testscript.ValidateSorting@cb51256]" name="setBrowser" is-config="true" duration-ms="7211" started-at="2019-09-13T17:54:46 IST" finished-at="2019-09-13T17:54:53 IST">
          <params>
            <param index="0">
              <value>
                <![CDATA[chrome]]>
              </value>
            </param>
          </params>
          <reporter-output>
          </reporter-output>
        </test-method> <!-- setBrowser -->
        <test-method status="PASS" signature="bookingInforamtion()[pri:1, instance:com.yatra.testscript.ValidateSorting@cb51256]" name="bookingInforamtion" duration-ms="24835" started-at="2019-09-13T17:54:53 IST" finished-at="2019-09-13T17:55:18 IST">
          <reporter-output>
          </reporter-output>
        </test-method> <!-- bookingInforamtion -->
        <test-method status="PASS" signature="sortedByRating()[pri:2, instance:com.yatra.testscript.ValidateSorting@cb51256]" name="sortedByRating" duration-ms="8794" started-at="2019-09-13T17:55:18 IST" finished-at="2019-09-13T17:55:27 IST">
          <reporter-output>
          </reporter-output>
        </test-method> <!-- sortedByRating -->
        <test-method status="PASS" signature="hotelSelection()[pri:3, instance:com.yatra.testscript.ValidateSorting@cb51256]" name="hotelSelection" duration-ms="1435" started-at="2019-09-13T17:55:27 IST" finished-at="2019-09-13T17:55:28 IST">
          <reporter-output>
          </reporter-output>
        </test-method> <!-- hotelSelection -->
        <test-method status="PASS" signature="switchToHotelTab()[pri:4, instance:com.yatra.testscript.ValidateSorting@cb51256]" name="switchToHotelTab" duration-ms="92" started-at="2019-09-13T17:55:28 IST" finished-at="2019-09-13T17:55:28 IST">
          <reporter-output>
          </reporter-output>
        </test-method> <!-- switchToHotelTab -->
        <test-method status="PASS" signature="selectRooms()[pri:5, instance:com.yatra.testscript.ValidateSorting@cb51256]" name="selectRooms" duration-ms="4663" started-at="2019-09-13T17:55:28 IST" finished-at="2019-09-13T17:55:33 IST">
          <reporter-output>
          </reporter-output>
        </test-method> <!-- selectRooms -->
        <test-method status="PASS" signature="userInformation()[pri:6, instance:com.yatra.testscript.ValidateSorting@cb51256]" name="userInformation" duration-ms="4656" started-at="2019-09-13T17:55:33 IST" finished-at="2019-09-13T17:55:37 IST">
          <reporter-output>
          </reporter-output>
        </test-method> <!-- userInformation -->
        <test-method status="PASS" signature="paymentPageInformation()[pri:7, instance:com.yatra.testscript.ValidateSorting@cb51256]" name="paymentPageInformation" duration-ms="5543" started-at="2019-09-13T17:55:37 IST" finished-at="2019-09-13T17:55:43 IST">
          <reporter-output>
          </reporter-output>
        </test-method> <!-- paymentPageInformation -->
        <test-method status="PASS" signature="validateName()[pri:8, instance:com.yatra.testscript.ValidateSorting@cb51256]" name="validateName" duration-ms="8" started-at="2019-09-13T17:55:43 IST" finished-at="2019-09-13T17:55:43 IST">
          <reporter-output>
          </reporter-output>
        </test-method> <!-- validateName -->
        <test-method status="PASS" signature="validateCost()[pri:9, instance:com.yatra.testscript.ValidateSorting@cb51256]" name="validateCost" duration-ms="5" started-at="2019-09-13T17:55:43 IST" finished-at="2019-09-13T17:55:43 IST">
          <reporter-output>
          </reporter-output>
        </test-method> <!-- validateCost -->
        <test-method status="PASS" signature="validatePlace()[pri:10, instance:com.yatra.testscript.ValidateSorting@cb51256]" name="validatePlace" duration-ms="2" started-at="2019-09-13T17:55:43 IST" finished-at="2019-09-13T17:55:43 IST">
          <reporter-output>
          </reporter-output>
        </test-method> <!-- validatePlace -->
        <test-method status="PASS" signature="validateRating()[pri:11, instance:com.yatra.testscript.ValidateSorting@cb51256]" name="validateRating" duration-ms="3" started-at="2019-09-13T17:55:43 IST" finished-at="2019-09-13T17:55:43 IST">
          <reporter-output>
          </reporter-output>
        </test-method> <!-- validateRating -->
        <test-method status="PASS" signature="validateSortByRatings()[pri:12, instance:com.yatra.testscript.ValidateSorting@cb51256]" name="validateSortByRatings" duration-ms="3" started-at="2019-09-13T17:55:43 IST" finished-at="2019-09-13T17:55:43 IST">
          <reporter-output>
          </reporter-output>
        </test-method> <!-- validateSortByRatings -->
      </class> <!-- com.yatra.testscript.ValidateSorting -->
    </test> <!-- Test -->
  </suite> <!-- Suite -->
  <suite name="Test-class Suite" duration-ms="0" started-at="2019-09-13T17:55:43 IST" finished-at="2019-09-13T17:55:43 IST">
    <groups>
    </groups>
  </suite> <!-- Test-class Suite -->
</testng-results>
