<?xml version="1.0" encoding="UTF-8"?>
<!-- Generated by org.testng.reporters.JUnitXMLReporter -->
<testsuite hostname="ATMECSINLT-002" ignored="0" name="Test2" tests="16" failures="3" timestamp="2019-09-18T17:01:39 IST" time="62.283" errors="0">
  <testcase name="bookingInforamtion" time="23.654" classname="com.yatra.testscript.HomePage"/>
  <testcase name="sortedByRating" time="11.846" classname="com.yatra.testscript.HomePage"/>
  <testcase name="hotelSelection" time="1.196" classname="com.yatra.testscript.HomePage"/>
  <testcase name="switchToHotelTab" time="0.06" classname="com.yatra.testscript.HomePage"/>
  <testcase name="selectRooms" time="9.667" classname="com.yatra.testscript.RoomBooking"/>
  <testcase name="userInformation" time="3.349" classname="com.yatra.testscript.RoomBooking"/>
  <testcase name="paymentPageInformation" time="5.451" classname="com.yatra.testscript.PaymentPage"/>
  <testcase name="validateName" time="0.0" classname="com.yatra.testscript.validateHotelDetails"/>
  <testcase name="validateCostAtUPI" time="0.0" classname="com.yatra.testscript.validateHotelDetails">
    <failure type="java.lang.AssertionError" message="cost is Not matched at UPI actualHotelCost is 61274 expectedHotelCost is 61273 expected [61273] but found [61274]">
      <![CDATA[java.lang.AssertionError: cost is Not matched at UPI actualHotelCost is 61274 expectedHotelCost is 61273 expected [61273] but found [61274]
at com.yatra.utility.Validation.validateCost(Validation.java:31)
at com.yatra.base.ValidationScript.validateHotelCostAtUPI(ValidationScript.java:62)
at com.yatra.testscript.validateHotelDetails.validateCostAtUPI(validateHotelDetails.java:30)
at java.util.ArrayList.forEach(Unknown Source)
... Removed 32 stack frames]]>
    </failure>
  </testcase> <!-- validateCostAtUPI -->
  <testcase name="validateCostAtpaymentpage" time="0.0" classname="com.yatra.testscript.validateHotelDetails">
    <failure type="java.lang.AssertionError" message="Cost is Not matched at payment actualHotelCost is 61274 expectedHotelCost is 61273 expected [61273] but found [61274]">
      <![CDATA[java.lang.AssertionError: Cost is Not matched at payment actualHotelCost is 61274 expectedHotelCost is 61273 expected [61273] but found [61274]
at com.yatra.utility.Validation.validateCost(Validation.java:31)
at com.yatra.base.ValidationScript.validateHotelCostAtPayment(ValidationScript.java:55)
at com.yatra.testscript.validateHotelDetails.validateCostAtpaymentpage(validateHotelDetails.java:26)
at java.util.ArrayList.forEach(Unknown Source)
... Removed 32 stack frames]]>
    </failure>
  </testcase> <!-- validateCostAtpaymentpage -->
  <testcase name="validatePlace" time="0.0" classname="com.yatra.testscript.validateHotelDetails"/>
  <testcase name="validateRating" time="0.0" classname="com.yatra.testscript.validateHotelDetails"/>
  <testcase name="validateSortByRatings" time="0.0" classname="com.yatra.testscript.ValidateUserDetails">
    <failure type="java.lang.AssertionError" message="Sorted by star Rating not met actualHotelRatings is: [4.5, 4.5, 4.5, 4, 4, 4.5, 4.5, 4.5, 2.5, 4.5, 4.5, 4.5, 4, 4.5, 4, 3.5, 3.5, 4, 4, 4, 4, 4.5, 4.5, 3, 4.5, 4, 4, 4.5, 4, 5] actualHotelRatings is: [4.5, 4.5, 4.5, 4, 4, 4.5, 4.5, 4.5, 2.5, 4.5, 4.5, 4.5, 4, 4.5, 4, 3.5, 3.5, 4, 4, 4, 4, 4.5, 4.5, 3, 4.5, 4, 4, 4.5, 4, 5]: Lists differ at element [0]: 5 != 4.5 expected [5] but found [4.5]">
      <![CDATA[java.lang.AssertionError: Sorted by star Rating not met actualHotelRatings is: [4.5, 4.5, 4.5, 4, 4, 4.5, 4.5, 4.5, 2.5, 4.5, 4.5, 4.5, 4, 4.5, 4, 3.5, 3.5, 4, 4, 4, 4, 4.5, 4.5, 3, 4.5, 4, 4, 4.5, 4, 5] actualHotelRatings is: [4.5, 4.5, 4.5, 4, 4, 4.5, 4.5, 4.5, 2.5, 4.5, 4.5, 4.5, 4, 4.5, 4, 3.5, 3.5, 4, 4, 4, 4, 4.5, 4.5, 3, 4.5, 4, 4, 4.5, 4, 5]: Lists differ at element [0]: 5 != 4.5 expected [5] but found [4.5]
at com.yatra.utility.Validation.validateRating(Validation.java:112)
at com.yatra.base.ValidationScript.validateHotelRatings(ValidationScript.java:69)
at com.yatra.testscript.ValidateUserDetails.validateSortByRatings(ValidateUserDetails.java:16)
at java.util.ArrayList.forEach(Unknown Source)
... Removed 31 stack frames]]>
    </failure>
  </testcase> <!-- validateSortByRatings -->
  <testcase name="validateCheckIn" time="0.0" classname="com.yatra.testscript.ValidateUserDetails"/>
  <testcase name="validateTotalRooms" time="0.0" classname="com.yatra.testscript.ValidateUserDetails"/>
  <testcase name="validateTotalMembers" time="0.015" classname="com.yatra.testscript.ValidateUserDetails"/>
</testsuite> <!-- Test2 -->
