<?xml version="1.0" encoding="UTF-8"?>
<!-- Generated by org.testng.reporters.JUnitXMLReporter -->
<testsuite hostname="ATMECSINLT-002" ignored="0" name="Test2" tests="15" failures="0" timestamp="2019-09-17T14:41:13 IST" time="69.711" errors="0">
  <testcase name="bookingInforamtion" time="24.019" classname="com.yatra.testscript.HomePage"/>
  <testcase name="sortedByRating" time="14.895" classname="com.yatra.testscript.HomePage"/>
  <testcase name="hotelSelection" time="1.421" classname="com.yatra.testscript.HomePage"/>
  <testcase name="switchToHotelTab" time="0.101" classname="com.yatra.testscript.HomePage"/>
  <testcase name="selectRooms" time="11.287" classname="com.yatra.testscript.RoomBooking"/>
  <testcase name="userInformation" time="3.593" classname="com.yatra.testscript.RoomBooking"/>
  <testcase name="paymentPageInformation" time="6.477" classname="com.yatra.testscript.PaymentPage"/>
  <testcase name="validateName" time="0.008" classname="com.yatra.testscript.validateHotelDetails"/>
  <testcase name="validateCost" time="0.008" classname="com.yatra.testscript.validateHotelDetails"/>
  <testcase name="validatePlace" time="0.002" classname="com.yatra.testscript.validateHotelDetails"/>
  <testcase name="validateRating" time="0.004" classname="com.yatra.testscript.validateHotelDetails"/>
  <testcase name="validateSortByRatings" time="0.003" classname="com.yatra.testscript.ValidateUserDetails"/>
  <testcase name="validateCheckIn" time="0.002" classname="com.yatra.testscript.ValidateUserDetails"/>
  <testcase name="validateTotalRooms" time="0.002" classname="com.yatra.testscript.ValidateUserDetails"/>
  <testcase name="validateTotalMembers" time="0.002" classname="com.yatra.testscript.ValidateUserDetails"/>
</testsuite> <!-- Test2 -->
