<?xml version="1.0" encoding="UTF-8"?>
<!-- Generated by org.testng.reporters.JUnitXMLReporter -->
<testsuite hostname="ATMECSINLT-002" ignored="0" name="Test" tests="15" failures="0" timestamp="2019-09-16T13:12:01 IST" time="60.518" errors="0">
  <testcase name="bookingInforamtion" time="19.866" classname="com.yatra.testscript.HomePage"/>
  <testcase name="sortedByRating" time="13.416" classname="com.yatra.testscript.HomePage"/>
  <testcase name="hotelSelection" time="1.46" classname="com.yatra.testscript.HomePage"/>
  <testcase name="switchToHotelTab" time="0.1" classname="com.yatra.testscript.HomePage"/>
  <testcase name="selectRooms" time="6.022" classname="com.yatra.testscript.RoomBooking"/>
  <testcase name="userInformation" time="4.334" classname="com.yatra.testscript.RoomBooking"/>
  <testcase name="paymentPageInformation" time="6.444" classname="com.yatra.testscript.PaymentPage"/>
  <testcase name="validateName" time="0.011" classname="com.yatra.testscript.validateHotelDetails"/>
  <testcase name="validateCost" time="0.003" classname="com.yatra.testscript.validateHotelDetails"/>
  <testcase name="validatePlace" time="0.003" classname="com.yatra.testscript.validateHotelDetails"/>
  <testcase name="validateRating" time="0.003" classname="com.yatra.testscript.validateHotelDetails"/>
  <testcase name="validateSortByRatings" time="0.006" classname="com.yatra.testscript.ValidateSorting"/>
  <testcase name="validateCheckIn" time="0.004" classname="com.yatra.testscript.ValidateSorting"/>
  <testcase name="validateTotalRooms" time="0.004" classname="com.yatra.testscript.ValidateSorting"/>
  <testcase name="validateTotalMembers" time="0.004" classname="com.yatra.testscript.ValidateSorting"/>
</testsuite> <!-- Test -->
