<?xml version="1.0" encoding="UTF-8"?>
<!-- Generated by org.testng.reporters.JUnitXMLReporter -->
<testsuite hostname="ATMECSINLT-002" ignored="0" name="Test" tests="12" failures="0" timestamp="2019-09-13T17:55:43 IST" time="57.343" errors="0">
  <testcase name="bookingInforamtion" time="24.835" classname="com.yatra.testscript.HomePage"/>
  <testcase name="sortedByRating" time="8.794" classname="com.yatra.testscript.HomePage"/>
  <testcase name="hotelSelection" time="1.435" classname="com.yatra.testscript.HomePage"/>
  <testcase name="switchToHotelTab" time="0.092" classname="com.yatra.testscript.HomePage"/>
  <testcase name="selectRooms" time="4.663" classname="com.yatra.testscript.RoomBooking"/>
  <testcase name="userInformation" time="4.656" classname="com.yatra.testscript.RoomBooking"/>
  <testcase name="paymentPageInformation" time="5.543" classname="com.yatra.testscript.PaymentPage"/>
  <testcase name="validateName" time="0.008" classname="com.yatra.testscript.validateHotelDetails"/>
  <testcase name="validateCost" time="0.005" classname="com.yatra.testscript.validateHotelDetails"/>
  <testcase name="validatePlace" time="0.002" classname="com.yatra.testscript.validateHotelDetails"/>
  <testcase name="validateRating" time="0.003" classname="com.yatra.testscript.validateHotelDetails"/>
  <testcase name="validateSortByRatings" time="0.003" classname="com.yatra.testscript.ValidateSorting"/>
</testsuite> <!-- Test -->
