-------------------------------------------------------------------------------
Test set: TestSuite
-------------------------------------------------------------------------------
Tests run: 16, Failures: 1, Errors: 0, Skipped: 0, Time elapsed: 77.959 s <<< FAILURE! - in TestSuite
validateSortByRatings(com.yatra.testscript.ValidateUserDetails)  Time elapsed: 0.012 s  <<< FAILURE!
java.lang.AssertionError: Sorted by star Rating not met actualHotelRatings is: [4.5, 4, 3.5, 4, 4, 4, 4, 4.5, 4, 4, 4, 3.5, 4, 5, 3.5, 4, 4.5, 4.5, 4, 4.5, 3.5, 2.5, 4.5, 4, 4, 4.5, 4, 3.5, 4.5, 3.5] expectedHotelRatings is: [5, 4.5, 4.5, 4.5, 4.5, 4.5, 4.5, 4.5, 4.5, 4, 4, 4, 4, 4, 4, 4, 4, 4, 4, 4, 4, 4, 4, 3.5, 3.5, 3.5, 3.5, 3.5, 3.5, 2.5]: Lists differ at element [0]: 5 != 4.5 expected [5] but found [4.5]
	at com.yatra.testscript.ValidateUserDetails.validateSortByRatings(ValidateUserDetails.java:16)

