<?xml version="1.0" encoding="UTF-8"?>
<testng-results skipped="0" failed="0" ignored="0" total="15" passed="15">
  <reporter-output>
  </reporter-output>
  <suite name="Suite1" duration-ms="67465" started-at="2019-09-16T17:45:11 IST" finished-at="2019-09-16T17:46:18 IST">
    <groups>
    </groups>
    <test name="Test2" duration-ms="67465" started-at="2019-09-16T17:45:11 IST" finished-at="2019-09-16T17:46:18 IST">
      <class name="com.yatra.testscript.ValidateUserDetails">
        <test-method status="PASS" signature="setBrowser(java.lang.String)[pri:0, instance:com.yatra.testscript.ValidateUserDetails@32709393]" name="setBrowser" is-config="true" duration-ms="7307" started-at="2019-09-16T17:45:11 IST" finished-at="2019-09-16T17:45:18 IST">
          <params>
            <param index="0">
              <value>
                <![CDATA[chrome]]>
              </value>
            </param>
          </params>
          <reporter-output>
          </reporter-output>
        </test-method> <!-- setBrowser -->
        <test-method status="PASS" signature="bookingInforamtion()[pri:1, instance:com.yatra.testscript.ValidateUserDetails@32709393]" name="bookingInforamtion" duration-ms="24662" started-at="2019-09-16T17:45:18 IST" finished-at="2019-09-16T17:45:43 IST">
          <reporter-output>
          </reporter-output>
        </test-method> <!-- bookingInforamtion -->
        <test-method status="PASS" signature="sortedByRating()[pri:2, instance:com.yatra.testscript.ValidateUserDetails@32709393]" name="sortedByRating" duration-ms="12786" started-at="2019-09-16T17:45:43 IST" finished-at="2019-09-16T17:45:55 IST">
          <reporter-output>
          </reporter-output>
        </test-method> <!-- sortedByRating -->
        <test-method status="PASS" signature="hotelSelection()[pri:3, instance:com.yatra.testscript.ValidateUserDetails@32709393]" name="hotelSelection" duration-ms="1178" started-at="2019-09-16T17:45:55 IST" finished-at="2019-09-16T17:45:57 IST">
          <reporter-output>
          </reporter-output>
        </test-method> <!-- hotelSelection -->
        <test-method status="PASS" signature="switchToHotelTab()[pri:4, instance:com.yatra.testscript.ValidateUserDetails@32709393]" name="switchToHotelTab" duration-ms="51" started-at="2019-09-16T17:45:57 IST" finished-at="2019-09-16T17:45:57 IST">
          <reporter-output>
          </reporter-output>
        </test-method> <!-- switchToHotelTab -->
        <test-method status="PASS" signature="selectRooms()[pri:5, instance:com.yatra.testscript.ValidateUserDetails@32709393]" name="selectRooms" duration-ms="9385" started-at="2019-09-16T17:45:57 IST" finished-at="2019-09-16T17:46:06 IST">
          <reporter-output>
          </reporter-output>
        </test-method> <!-- selectRooms -->
        <test-method status="PASS" signature="userInformation()[pri:6, instance:com.yatra.testscript.ValidateUserDetails@32709393]" name="userInformation" duration-ms="4126" started-at="2019-09-16T17:46:06 IST" finished-at="2019-09-16T17:46:10 IST">
          <reporter-output>
          </reporter-output>
        </test-method> <!-- userInformation -->
        <test-method status="PASS" signature="paymentPageInformation()[pri:7, instance:com.yatra.testscript.ValidateUserDetails@32709393]" name="paymentPageInformation" duration-ms="7875" started-at="2019-09-16T17:46:10 IST" finished-at="2019-09-16T17:46:18 IST">
          <reporter-output>
          </reporter-output>
        </test-method> <!-- paymentPageInformation -->
        <test-method status="PASS" signature="validateName()[pri:8, instance:com.yatra.testscript.ValidateUserDetails@32709393]" name="validateName" duration-ms="6" started-at="2019-09-16T17:46:18 IST" finished-at="2019-09-16T17:46:18 IST">
          <reporter-output>
          </reporter-output>
        </test-method> <!-- validateName -->
        <test-method status="PASS" signature="validateCost()[pri:9, instance:com.yatra.testscript.ValidateUserDetails@32709393]" name="validateCost" duration-ms="2" started-at="2019-09-16T17:46:18 IST" finished-at="2019-09-16T17:46:18 IST">
          <reporter-output>
          </reporter-output>
        </test-method> <!-- validateCost -->
        <test-method status="PASS" signature="validatePlace()[pri:10, instance:com.yatra.testscript.ValidateUserDetails@32709393]" name="validatePlace" duration-ms="1" started-at="2019-09-16T17:46:18 IST" finished-at="2019-09-16T17:46:18 IST">
          <reporter-output>
          </reporter-output>
        </test-method> <!-- validatePlace -->
        <test-method status="PASS" signature="validateRating()[pri:11, instance:com.yatra.testscript.ValidateUserDetails@32709393]" name="validateRating" duration-ms="2" started-at="2019-09-16T17:46:18 IST" finished-at="2019-09-16T17:46:18 IST">
          <reporter-output>
          </reporter-output>
        </test-method> <!-- validateRating -->
        <test-method status="PASS" signature="validateSortByRatings()[pri:12, instance:com.yatra.testscript.ValidateUserDetails@32709393]" name="validateSortByRatings" duration-ms="2" started-at="2019-09-16T17:46:18 IST" finished-at="2019-09-16T17:46:18 IST">
          <reporter-output>
          </reporter-output>
        </test-method> <!-- validateSortByRatings -->
        <test-method status="PASS" signature="validateCheckIn()[pri:13, instance:com.yatra.testscript.ValidateUserDetails@32709393]" name="validateCheckIn" duration-ms="2" started-at="2019-09-16T17:46:18 IST" finished-at="2019-09-16T17:46:18 IST">
          <reporter-output>
          </reporter-output>
        </test-method> <!-- validateCheckIn -->
        <test-method status="PASS" signature="validateTotalRooms()[pri:14, instance:com.yatra.testscript.ValidateUserDetails@32709393]" name="validateTotalRooms" duration-ms="1" started-at="2019-09-16T17:46:18 IST" finished-at="2019-09-16T17:46:18 IST">
          <reporter-output>
          </reporter-output>
        </test-method> <!-- validateTotalRooms -->
        <test-method status="PASS" signature="validateTotalMembers()[pri:15, instance:com.yatra.testscript.ValidateUserDetails@32709393]" name="validateTotalMembers" duration-ms="0" started-at="2019-09-16T17:46:18 IST" finished-at="2019-09-16T17:46:18 IST">
          <reporter-output>
          </reporter-output>
        </test-method> <!-- validateTotalMembers -->
      </class> <!-- com.yatra.testscript.ValidateUserDetails -->
    </test> <!-- Test2 -->
  </suite> <!-- Suite1 -->
  <suite name="Test-class Suite" duration-ms="0" started-at="2019-09-16T17:46:18 IST" finished-at="2019-09-16T17:46:18 IST">
    <groups>
    </groups>
  </suite> <!-- Test-class Suite -->
</testng-results>
